-------------------------------------------------------------------------------
Test set: com.revature.AccountServiceTest
-------------------------------------------------------------------------------
Tests run: 1, Failures: 0, Errors: 1, Skipped: 0, Time elapsed: 0.001 s <<< FAILURE! - in com.revature.AccountServiceTest
testFindByOwnerId_returnAccountList(com.revature.AccountServiceTest)  Time elapsed: 0 s  <<< ERROR!
java.lang.NoClassDefFoundError: Could not initialize class org.mockito.internal.creation.cglib.ClassImposterizer$3
	at com.revature.AccountServiceTest.setUp(AccountServiceTest.java:31)

