<?xml version="1.0" encoding="UTF-8"?>
<testsuite xmlns:xsi="http://www.w3.org/2001/XMLSchema-instance" xsi:noNamespaceSchemaLocation="https://maven.apache.org/surefire/maven-surefire-plugin/xsd/surefire-test-report.xsd" name="com.revature.UserServiceTest" time="0.59" tests="2" errors="2" skipped="0" failures="0">
  <properties>
[...]
</properties>
  <testcase name="testRegisterUser_idGreaterThanZero_throwsException" classname="com.revature.UserServiceTest" time="0.249">
    <error type="java.lang.ExceptionInInitializerError">java.lang.ExceptionInInitializerError
	at com.revature.UserServiceTest.setUp(UserServiceTest.java:40)
Caused by: java.lang.reflect.InaccessibleObjectException: Unable to make protected final java.lang.Class java.lang.ClassLoader.defineClass(java.lang.String,byte[],int,int,java.security.ProtectionDomain) throws java.lang.ClassFormatError accessible: module java.base does not "opens java.lang" to unnamed module @3f0aaff5
	at com.revature.UserServiceTest.setUp(UserServiceTest.java:40)
</error>
  </testcase>
  <testcase name="testRegisteredUser_returnsNewPk" classname="com.revature.UserServiceTest" time="0">
    <error message="Could not initialize class org.mockito.internal.creation.cglib.ClassImposterizer$3" type="java.lang.NoClassDefFoundError">java.lang.NoClassDefFoundError: Could not initialize class org.mockito.internal.creation.cglib.ClassImposterizer$3
	at com.revature.UserServiceTest.setUp(UserServiceTest.java:40)
</error>
  </testcase>
</testsuite>